{"C:\\Users\\Kathy\\myJsProject\\testingAndCI\\mocha1.js":{"path":"C:\\Users\\Kathy\\myJsProject\\testingAndCI\\mocha1.js","s":{"1":1,"2":1,"3":1,"4":1,"5":1,"6":1,"7":1,"8":1,"9":1,"10":1,"11":1,"12":1,"13":1},"b":{},"f":{},"fnMap":{},"statementMap":{"1":{"start":{"line":4,"column":0},"end":{"line":4,"column":47}},"2":{"start":{"line":5,"column":0},"end":{"line":5,"column":36}},"3":{"start":{"line":7,"column":0},"end":{"line":24,"column":2}},"4":{"start":{"line":8,"column":4},"end":{"line":15,"column":7}},"5":{"start":{"line":9,"column":8},"end":{"line":11,"column":11}},"6":{"start":{"line":10,"column":12},"end":{"line":10,"column":31}},"7":{"start":{"line":12,"column":8},"end":{"line":14,"column":11}},"8":{"start":{"line":13,"column":12},"end":{"line":13,"column":33}},"9":{"start":{"line":16,"column":4},"end":{"line":23,"column":7}},"10":{"start":{"line":17,"column":8},"end":{"line":19,"column":11}},"11":{"start":{"line":18,"column":12},"end":{"line":18,"column":31}},"12":{"start":{"line":20,"column":8},"end":{"line":22,"column":11}},"13":{"start":{"line":21,"column":12},"end":{"line":21,"column":32}}},"branchMap":{}},"C:\\Users\\Kathy\\myJsProject\\testingAndCI\\1.js":{"path":"C:\\Users\\Kathy\\myJsProject\\testingAndCI\\1.js","s":{"1":1,"2":2,"3":2,"4":2,"5":2},"b":{},"f":{},"fnMap":{},"statementMap":{"1":{"start":{"line":4,"column":0},"end":{"line":15,"column":1}},"2":{"start":{"line":6,"column":8},"end":{"line":8,"column":11}},"3":{"start":{"line":7,"column":12},"end":{"line":7,"column":29}},"4":{"start":{"line":11,"column":8},"end":{"line":13,"column":11}},"5":{"start":{"line":12,"column":12},"end":{"line":12,"column":29}}},"branchMap":{}}}